<?xml version="1.0" encoding="UTF-8"?>
<!-- Generated by org.testng.reporters.JUnitXMLReporter -->
<testsuite ignored="0" hostname="DESKTOP-C5U4GS8" failures="0" tests="3" name="Default test" time="24.981" errors="0" timestamp="2021-08-21T13:44:51 IST">
  <testcase classname="Weather_TestCases.Weather_Test" name="Weather_UI_Test" time="5.16"/>
  <testcase classname="Weather_TestCases.Weather_Test" name="Weather_API_Test" time="3.265"/>
  <testcase classname="Weather_TestCases.Weather_Test" name="UI_API_Comparator" time="0.008"/>
</testsuite> <!-- Default test -->
