<?xml version="1.0" encoding="UTF-8"?>
<testng-results ignored="0" total="3" passed="2" failed="1" skipped="0">
  <reporter-output>
  </reporter-output>
  <suite started-at="2021-08-21T22:40:01 IST" name="Default suite" finished-at="2021-08-21T22:40:25 IST" duration-ms="23597">
    <groups>
    </groups>
    <test started-at="2021-08-21T22:40:01 IST" name="Default test" finished-at="2021-08-21T22:40:25 IST" duration-ms="23597">
      <class name="Weather_TestCases.Weather_Test">
        <test-method is-config="true" signature="setup()[pri:0, instance:Weather_TestCases.Weather_Test@2a54a73f]" started-at="2021-08-21T22:40:01 IST" name="setup" finished-at="2021-08-21T22:40:13 IST" duration-ms="12010" status="PASS">
          <reporter-output>
          </reporter-output>
        </test-method> <!-- setup -->
        <test-method signature="Weather_UI_Test()[pri:0, instance:Weather_TestCases.Weather_Test@2a54a73f]" started-at="2021-08-21T22:40:13 IST" name="Weather_UI_Test" finished-at="2021-08-21T22:40:17 IST" duration-ms="3803" status="PASS">
          <reporter-output>
          </reporter-output>
        </test-method> <!-- Weather_UI_Test -->
        <test-method is-config="true" signature="testcomplete()[pri:0, instance:Weather_TestCases.Weather_Test@2a54a73f]" started-at="2021-08-21T22:40:17 IST" name="testcomplete" finished-at="2021-08-21T22:40:17 IST" duration-ms="0" status="PASS">
          <reporter-output>
          </reporter-output>
        </test-method> <!-- testcomplete -->
        <test-method signature="Weather_API_Test()[pri:1, instance:Weather_TestCases.Weather_Test@2a54a73f]" started-at="2021-08-21T22:40:17 IST" name="Weather_API_Test" finished-at="2021-08-21T22:40:20 IST" duration-ms="3452" status="PASS">
          <reporter-output>
          </reporter-output>
        </test-method> <!-- Weather_API_Test -->
        <test-method is-config="true" signature="testcomplete()[pri:0, instance:Weather_TestCases.Weather_Test@2a54a73f]" started-at="2021-08-21T22:40:20 IST" name="testcomplete" finished-at="2021-08-21T22:40:20 IST" duration-ms="2" status="PASS">
          <reporter-output>
          </reporter-output>
        </test-method> <!-- testcomplete -->
        <test-method signature="UI_API_ComparatorTest()[pri:3, instance:Weather_TestCases.Weather_Test@2a54a73f]" started-at="2021-08-21T22:40:20 IST" name="UI_API_ComparatorTest" finished-at="2021-08-21T22:40:20 IST" duration-ms="6" status="FAIL">
          <exception class="java.lang.AssertionError">
            <message>
              <![CDATA[Temperature from UI and API does not match expected [true] but found [false]]]>
            </message>
            <full-stacktrace>
              <![CDATA[java.lang.AssertionError: Temperature from UI and API does not match expected [true] but found [false]
at org.testng.Assert.fail(Assert.java:99)
at org.testng.Assert.failNotEquals(Assert.java:1037)
at org.testng.Assert.assertEqualsImpl(Assert.java:140)
at org.testng.Assert.assertEquals(Assert.java:122)
at org.testng.Assert.assertEquals(Assert.java:819)
at Weather_TestCases.Weather_Test.UI_API_ComparatorTest(Weather_Test.java:74)
at java.base/jdk.internal.reflect.NativeMethodAccessorImpl.invoke0(Native Method)
at java.base/jdk.internal.reflect.NativeMethodAccessorImpl.invoke(NativeMethodAccessorImpl.java:62)
at java.base/jdk.internal.reflect.DelegatingMethodAccessorImpl.invoke(DelegatingMethodAccessorImpl.java:43)
at java.base/java.lang.reflect.Method.invoke(Method.java:566)
at org.testng.internal.MethodInvocationHelper.invokeMethod(MethodInvocationHelper.java:132)
at org.testng.internal.TestInvoker.invokeMethod(TestInvoker.java:599)
at org.testng.internal.TestInvoker.invokeTestMethod(TestInvoker.java:174)
at org.testng.internal.MethodRunner.runInSequence(MethodRunner.java:46)
at org.testng.internal.TestInvoker$MethodInvocationAgent.invoke(TestInvoker.java:822)
at org.testng.internal.TestInvoker.invokeTestMethods(TestInvoker.java:147)
at org.testng.internal.TestMethodWorker.invokeTestMethods(TestMethodWorker.java:146)
at org.testng.internal.TestMethodWorker.run(TestMethodWorker.java:128)
at java.base/java.util.ArrayList.forEach(ArrayList.java:1540)
at org.testng.TestRunner.privateRun(TestRunner.java:764)
at org.testng.TestRunner.run(TestRunner.java:585)
at org.testng.SuiteRunner.runTest(SuiteRunner.java:384)
at org.testng.SuiteRunner.runSequentially(SuiteRunner.java:378)
at org.testng.SuiteRunner.privateRun(SuiteRunner.java:337)
at org.testng.SuiteRunner.run(SuiteRunner.java:286)
at org.testng.SuiteRunnerWorker.runSuite(SuiteRunnerWorker.java:53)
at org.testng.SuiteRunnerWorker.run(SuiteRunnerWorker.java:96)
at org.testng.TestNG.runSuitesSequentially(TestNG.java:1218)
at org.testng.TestNG.runSuitesLocally(TestNG.java:1140)
at org.testng.TestNG.runSuites(TestNG.java:1069)
at org.testng.TestNG.run(TestNG.java:1037)
at org.testng.remote.AbstractRemoteTestNG.run(AbstractRemoteTestNG.java:115)
at org.testng.remote.RemoteTestNG.initAndRun(RemoteTestNG.java:251)
at org.testng.remote.RemoteTestNG.main(RemoteTestNG.java:77)
]]>
            </full-stacktrace>
          </exception> <!-- java.lang.AssertionError -->
          <reporter-output>
          </reporter-output>
        </test-method> <!-- UI_API_ComparatorTest -->
        <test-method is-config="true" signature="testcomplete()[pri:0, instance:Weather_TestCases.Weather_Test@2a54a73f]" started-at="2021-08-21T22:40:20 IST" name="testcomplete" finished-at="2021-08-21T22:40:20 IST" duration-ms="0" status="PASS">
          <reporter-output>
          </reporter-output>
        </test-method> <!-- testcomplete -->
        <test-method is-config="true" signature="EndOfTest()[pri:0, instance:Weather_TestCases.Weather_Test@2a54a73f]" started-at="2021-08-21T22:40:20 IST" name="EndOfTest" finished-at="2021-08-21T22:40:25 IST" duration-ms="4250" status="PASS">
          <reporter-output>
          </reporter-output>
        </test-method> <!-- EndOfTest -->
      </class> <!-- Weather_TestCases.Weather_Test -->
    </test> <!-- Default test -->
  </suite> <!-- Default suite -->
</testng-results>
